<?xml version="1.0" encoding="UTF-8"?>
<!-- Generated by org.testng.reporters.JUnitXMLReporter -->
<testsuite hostname="DESKTOP-EVV4RUL" ignored="0" name="Test" tests="4" failures="0" timestamp="09 Oct 2018 17:56:59 GMT" time="0.05" errors="0">
  <testcase name="test1" time="0.011" classname="test.Demo1"/>
  <testcase name="test2" time="0.002" classname="test.Demo1"/>
  <testcase name="Login" time="0.002" classname="test.day2"/>
  <testcase name="Register" time="0.002" classname="test.day2"/>
</testsuite> <!-- Test -->
