<?xml version="1.0" encoding="UTF-8"?>
<!-- Generated by org.testng.reporters.JUnitXMLReporter -->
<testsuite hostname="DESKTOP-EVV4RUL" ignored="0" name="Personal Loan" tests="4" failures="0" timestamp="30 Oct 2018 15:39:10 GMT" time="0.064" errors="0">
  <testcase name="test1" time="0.005" classname="test.Demo1"/>
  <testcase name="test2" time="0.001" classname="test.Demo1"/>
  <testcase name="test2" time="0.002" classname="test.Demo1"/>
  <testcase name="test2" time="0.002" classname="test.Demo1"/>
</testsuite> <!-- Personal Loan -->
